AndroidApps/Murach/ex_solutions/ch09_ex3_TipCalculator_sol/app/build/intermediates/manifest_merge_blame_file/debug/manifest-merger-blame-debug-report.txt
1<?xml version="1.0" encoding="utf-8"?>
2<manifest xmlns:android="http://schemas.android.com/apk/res/android"
3    package="com.murach.tipcalculator"
4    android:versionCode="1"
5    android:versionName="1.0" >
6
7    <uses-sdk
8        android:minSdkVersion="15"
8-->src\main\AndroidManifest.xml
9        android:targetSdkVersion="32" />
9-->src\main\AndroidManifest.xml
10
11    <application
11-->src\main\AndroidManifest.xml:7:5-31:19
12        android:allowBackup="true"
12-->src\main\AndroidManifest.xml:11:9-35
13        android:debuggable="true"
14        android:icon="@drawable/ic_launcher"
14-->src\main\AndroidManifest.xml:8:9-45
15        android:label="@string/app_name"
15-->src\main\AndroidManifest.xml:9:9-41
16        android:testOnly="true"
17        android:theme="@style/AppTheme" >
17-->src\main\AndroidManifest.xml:10:9-40
18        <activity
18-->src\main\AndroidManifest.xml:12:9-21:20
19            android:name="com.murach.tipcalculator.TipCalculatorActivity"
19-->src\main\AndroidManifest.xml:13:13-74
20            android:exported="true"
20-->src\main\AndroidManifest.xml:15:13-36
21            android:label="@string/title_activity_tip_calculator" >
21-->src\main\AndroidManifest.xml:14:13-66
22            <intent-filter>
22-->src\main\AndroidManifest.xml:16:13-20:29
23                <action android:name="android.intent.action.MAIN" />
23-->src\main\AndroidManifest.xml:17:17-69
23-->src\main\AndroidManifest.xml:17:25-66
24
25                <category android:name="android.intent.category.LAUNCHER" />
25-->src\main\AndroidManifest.xml:19:17-77
25-->src\main\AndroidManifest.xml:19:27-74
26            </intent-filter>
27        </activity>
28        <activity
28-->src\main\AndroidManifest.xml:22:9-25:20
29            android:name="com.murach.tipcalculator.SettingsActivity"
29-->src\main\AndroidManifest.xml:23:13-69
30            android:label="@string/title_activity_settings" >
30-->src\main\AndroidManifest.xml:24:13-60
31        </activity>
32        <activity
32-->src\main\AndroidManifest.xml:26:9-30:20
33            android:name="com.murach.tipcalculator.AboutActivity"
33-->src\main\AndroidManifest.xml:27:13-66
34            android:label="@string/title_activity_about"
34-->src\main\AndroidManifest.xml:28:13-57
35            android:theme="@style/DialogTheme" >
35-->src\main\AndroidManifest.xml:29:13-47
36        </activity>
37    </application>
38
39</manifest>